# JRE version: Java(TM) SE Runtime Environment 18.9 (11.0.11+9) (build 11.0.11+9-LTS-194)
# Java VM: Java HotSpot(TM) 64-Bit Server VM 18.9 (11.0.11+9-LTS-194, mixed mode, tiered, compressed oops, g1 gc, windows-amd64)
Heap:
 garbage-first heap   total 630784K, used 23210K [0x0000000601200000, 0x0000000800000000)
  region size 2048K, 9 young (18432K), 5 survivors (10240K)
 Metaspace       used 35167K, capacity 36295K, committed 36560K, reserved 1081344K
  class space    used 4435K, capacity 4889K, committed 4992K, reserved 1048576K
GC Heap History (10 events):
Event: 0.419 GC heap before
{Heap before GC invocations=0 (full 0):
 garbage-first heap   total 524288K, used 22528K [0x0000000601200000, 0x0000000800000000)
  region size 2048K, 12 young (24576K), 0 survivors (0K)
 Metaspace       used 13847K, capacity 14235K, committed 14464K, reserved 1062912K
  class space    used 1448K, capacity 1555K, committed 1664K, reserved 1048576K
}
Event: 0.422 GC heap after
{Heap after GC invocations=1 (full 0):
 garbage-first heap   total 524288K, used 8296K [0x0000000601200000, 0x0000000800000000)
  region size 2048K, 2 young (4096K), 2 survivors (4096K)
 Metaspace       used 13847K, capacity 14235K, committed 14464K, reserved 1062912K
  class space    used 1448K, capacity 1555K, committed 1664K, reserved 1048576K
}
Event: 0.664 GC heap before
{Heap before GC invocations=1 (full 0):
 garbage-first heap   total 524288K, used 47208K [0x0000000601200000, 0x0000000800000000)
  region size 2048K, 22 young (45056K), 2 survivors (4096K)
 Metaspace       used 20636K, capacity 21229K, committed 21296K, reserved 1069056K
  class space    used 2416K, capacity 2669K, committed 2688K, reserved 1048576K
}
Event: 0.666 GC heap after
{Heap after GC invocations=2 (full 0):
 garbage-first heap   total 524288K, used 10173K [0x0000000601200000, 0x0000000800000000)
  region size 2048K, 3 young (6144K), 3 survivors (6144K)
 Metaspace       used 20636K, capacity 21229K, committed 21296K, reserved 1069056K
  class space    used 2416K, capacity 2669K, committed 2688K, reserved 1048576K
}
Event: 0.817 GC heap before
{Heap before GC invocations=3 (full 0):
 garbage-first heap   total 524288K, used 53181K [0x0000000601200000, 0x0000000800000000)
  region size 2048K, 24 young (49152K), 3 survivors (6144K)
 Metaspace       used 27196K, capacity 27960K, committed 28208K, reserved 1073152K
  class space    used 3301K, capacity 3618K, committed 3712K, reserved 1048576K
}
Event: 0.820 GC heap after
{Heap after GC invocations=4 (full 0):
 garbage-first heap   total 524288K, used 13132K [0x0000000601200000, 0x0000000800000000)
  region size 2048K, 3 young (6144K), 3 survivors (6144K)
 Metaspace       used 27196K, capacity 27960K, committed 28208K, reserved 1073152K
  class space    used 3301K, capacity 3618K, committed 3712K, reserved 1048576K
}
Event: 0.966 GC heap before
{Heap before GC invocations=4 (full 0):
 garbage-first heap   total 524288K, used 74572K [0x0000000601200000, 0x0000000800000000)
  region size 2048K, 34 young (69632K), 3 survivors (6144K)
 Metaspace       used 30074K, capacity 30909K, committed 31152K, reserved 1077248K
  class space    used 3665K, capacity 3986K, committed 4096K, reserved 1048576K
}
Event: 0.969 GC heap after
{Heap after GC invocations=5 (full 0):
 garbage-first heap   total 524288K, used 14697K [0x0000000601200000, 0x0000000800000000)
  region size 2048K, 4 young (8192K), 4 survivors (8192K)
 Metaspace       used 30074K, capacity 30909K, committed 31152K, reserved 1077248K
  class space    used 3665K, capacity 3986K, committed 4096K, reserved 1048576K
}
Event: 1.278 GC heap before
{Heap before GC invocations=5 (full 0):
 garbage-first heap   total 524288K, used 67945K [0x0000000601200000, 0x0000000800000000)
  region size 2048K, 31 young (63488K), 4 survivors (8192K)
 Metaspace       used 34718K, capacity 35838K, committed 35920K, reserved 1081344K
  class space    used 4358K, capacity 4807K, committed 4864K, reserved 1048576K
}
Event: 1.284 GC heap after
{Heap after GC invocations=6 (full 0):
 garbage-first heap   total 630784K, used 17066K [0x0000000601200000, 0x0000000800000000)
  region size 2048K, 5 young (10240K), 5 survivors (10240K)
 Metaspace       used 34718K, capacity 35838K, committed 35920K, reserved 1081344K
  class space    used 4358K, capacity 4807K, committed 4864K, reserved 1048576K
}

